

 << Logging to file resumes >> 

Sat Jan 20, 2024 14:01:55: Download complete.
Sat Jan 20, 2024 14:01:55: Loaded debugee: C:\Users\yizha\coding\bgu\task1\Debug\Exe\task1_workspace.d43
Sat Jan 20, 2024 14:01:55: Target reset


 << Logging to file resumes >> 

Sat Jan 20, 2024 14:02:35: Download complete.
Sat Jan 20, 2024 14:02:35: Loaded debugee: C:\Users\yizha\coding\bgu\task1\Debug\Exe\task1_workspace.d43
Sat Jan 20, 2024 14:02:35: Target reset


 << Logging to file resumes >> 

Sat Jan 20, 2024 14:03:12: Download complete.
Sat Jan 20, 2024 14:03:12: Loaded debugee: C:\Users\yizha\coding\bgu\task1\Debug\Exe\task1_workspace.d43
Sat Jan 20, 2024 14:03:12: Target reset


 << Logging to file resumes >> 

Sat Jan 20, 2024 16:05:16: Download complete.
Sat Jan 20, 2024 16:05:16: Loaded debugee: C:\Users\yizha\coding\bgu\task1\Debug\Exe\task1_workspace.d43
Sat Jan 20, 2024 16:05:16: Target reset
Sat Jan 20, 2024 16:05:23: The stack pointer for stack 'Stack' (currently Memory:0x0) is outside the stack range (Memory:0x30B0 to Memory:0x3100)


 << Logging to file resumes >> 

Sat Jan 20, 2024 16:07:30: Download complete.
Sat Jan 20, 2024 16:07:30: Loaded debugee: C:\Users\yizha\coding\bgu\task1\Debug\Exe\task1_workspace.d43
Sat Jan 20, 2024 16:07:30: Target reset
Sat Jan 20, 2024 16:07:36: The stack pointer for stack 'Stack' (currently Memory:0x0) is outside the stack range (Memory:0x30B0 to Memory:0x3100)


 << Logging to file resumes >> 

Sat Jan 20, 2024 16:10:15: Download complete.
Sat Jan 20, 2024 16:10:15: Loaded debugee: C:\Users\yizha\coding\bgu\task1\Debug\Exe\task1_workspace.d43
Sat Jan 20, 2024 16:10:15: Target reset
Sat Jan 20, 2024 16:10:17: The stack pointer for stack 'Stack' (currently Memory:0x0) is outside the stack range (Memory:0x30B0 to Memory:0x3100)


 << Logging to file resumes >> 

Sat Jan 20, 2024 16:10:31: Download complete.
Sat Jan 20, 2024 16:10:31: Loaded debugee: C:\Users\yizha\coding\bgu\task1\Debug\Exe\task1_workspace.d43
Sat Jan 20, 2024 16:10:31: Target reset
Sat Jan 20, 2024 16:10:32: The stack pointer for stack 'Stack' (currently Memory:0x0) is outside the stack range (Memory:0x30B0 to Memory:0x3100)


 << Logging to file resumes >> 

Sat Jan 20, 2024 16:13:26: Download complete.
Sat Jan 20, 2024 16:13:26: Loaded debugee: C:\Users\yizha\coding\bgu\task1\Debug\Exe\task1_workspace.d43
Sat Jan 20, 2024 16:13:26: Target reset
Sat Jan 20, 2024 16:13:29: The stack pointer for stack 'Stack' (currently Memory:0x0) is outside the stack range (Memory:0x30B0 to Memory:0x3100)


 << Logging to file resumes >> 

Sat Jan 20, 2024 16:27:13: Download complete.
Sat Jan 20, 2024 16:27:13: Loaded debugee: C:\Users\yizha\coding\bgu\task1\Debug\Exe\task1_workspace.d43
Sat Jan 20, 2024 16:27:13: Target reset
Sat Jan 20, 2024 16:27:18: The stack pointer for stack 'Stack' (currently Memory:0x0) is outside the stack range (Memory:0x30B0 to Memory:0x3100)


 << Logging to file resumes >> 

Sat Jan 20, 2024 16:42:36: Download complete.
Sat Jan 20, 2024 16:42:36: Loaded debugee: C:\Users\yizha\coding\bgu\task1\Debug\Exe\task1_workspace.d43
Sat Jan 20, 2024 16:42:36: Target reset
Sat Jan 20, 2024 16:42:48: The stack pointer for stack 'Stack' (currently Memory:0x0) is outside the stack range (Memory:0x30B0 to Memory:0x3100)


 << Logging to file resumes >> 

Sat Jan 20, 2024 16:55:36: Download complete.
Sat Jan 20, 2024 16:55:36: Loaded debugee: C:\Users\yizha\coding\bgu\task1\Debug\Exe\task1_workspace.d43
Sat Jan 20, 2024 16:55:36: Target reset
Sat Jan 20, 2024 16:55:40: The stack pointer for stack 'Stack' (currently Memory:0x0) is outside the stack range (Memory:0x30B0 to Memory:0x3100)


 << Logging to file resumes >> 

Sat Jan 20, 2024 16:56:41: Download complete.
Sat Jan 20, 2024 16:56:41: Loaded debugee: C:\Users\yizha\coding\bgu\task1\Debug\Exe\task1_workspace.d43
Sat Jan 20, 2024 16:56:41: Target reset
Sat Jan 20, 2024 16:56:44: The stack pointer for stack 'Stack' (currently Memory:0x0) is outside the stack range (Memory:0x30B0 to Memory:0x3100)


 << Logging to file resumes >> 

Sat Jan 20, 2024 16:58:52: Download complete.
Sat Jan 20, 2024 16:58:52: Loaded debugee: C:\Users\yizha\coding\bgu\task1\Debug\Exe\task1_workspace.d43
Sat Jan 20, 2024 16:58:52: Target reset
Sat Jan 20, 2024 16:58:54: The stack pointer for stack 'Stack' (currently Memory:0x0) is outside the stack range (Memory:0x30B0 to Memory:0x3100)


 << Logging to file resumes >> 

Sat Jan 20, 2024 17:00:18: Download complete.
Sat Jan 20, 2024 17:00:18: Loaded debugee: C:\Users\yizha\coding\bgu\task1\Debug\Exe\task1_workspace.d43
Sat Jan 20, 2024 17:00:18: Target reset


 << Logging to file resumes >> 

Sat Jan 20, 2024 17:01:36: Download complete.
Sat Jan 20, 2024 17:01:36: Loaded debugee: C:\Users\yizha\coding\bgu\task1\Debug\Exe\task1_workspace.d43
Sat Jan 20, 2024 17:01:36: Target reset
Sat Jan 20, 2024 17:01:37: The stack pointer for stack 'Stack' (currently Memory:0x0) is outside the stack range (Memory:0x30B0 to Memory:0x3100)
Sat Jan 20, 2024 17:02:22: Warning: A word access on odd address 0x1111
Sat Jan 20, 2024 17:02:22: Unable to execute: driver error.


 << Logging to file resumes >> 

Sat Jan 20, 2024 17:04:46: Download complete.
Sat Jan 20, 2024 17:04:46: Loaded debugee: C:\Users\yizha\coding\bgu\task1\Debug\Exe\task1_workspace.d43
Sat Jan 20, 2024 17:04:46: Target reset
Sat Jan 20, 2024 17:04:49: The stack pointer for stack 'Stack' (currently Memory:0x0) is outside the stack range (Memory:0x30B0 to Memory:0x3100)


 << Logging to file resumes >> 

Sat Jan 20, 2024 17:05:40: Download complete.
Sat Jan 20, 2024 17:05:40: Loaded debugee: C:\Users\yizha\coding\bgu\task1\Debug\Exe\task1_workspace.d43
Sat Jan 20, 2024 17:05:40: Target reset
Sat Jan 20, 2024 17:05:45: The stack pointer for stack 'Stack' (currently Memory:0x0) is outside the stack range (Memory:0x30B0 to Memory:0x3100)
Sat Jan 20, 2024 17:06:33: Warning: A word access on odd address 0x1111
Sat Jan 20, 2024 17:06:33: Unable to execute: driver error.


 << Logging to file resumes >> 

Sat Jan 20, 2024 17:10:07: Download complete.
Sat Jan 20, 2024 17:10:07: Loaded debugee: C:\Users\yizha\coding\bgu\task1\Debug\Exe\task1_workspace.d43
Sat Jan 20, 2024 17:10:07: Target reset
Sat Jan 20, 2024 17:10:10: The stack pointer for stack 'Stack' (currently Memory:0x0) is outside the stack range (Memory:0x30B0 to Memory:0x3100)


 << Logging to file resumes >> 

Sat Jan 20, 2024 17:11:34: Download complete.
Sat Jan 20, 2024 17:11:34: Loaded debugee: C:\Users\yizha\coding\bgu\task1\Debug\Exe\task1_workspace.d43
Sat Jan 20, 2024 17:11:34: Target reset
Sat Jan 20, 2024 17:11:37: The stack pointer for stack 'Stack' (currently Memory:0x0) is outside the stack range (Memory:0x30B0 to Memory:0x3100)


 << Logging to file resumes >> 

Sat Jan 20, 2024 17:12:05: Download complete.
Sat Jan 20, 2024 17:12:05: Loaded debugee: C:\Users\yizha\coding\bgu\task1\Debug\Exe\task1_workspace.d43
Sat Jan 20, 2024 17:12:05: Target reset
Sat Jan 20, 2024 17:12:07: The stack pointer for stack 'Stack' (currently Memory:0x0) is outside the stack range (Memory:0x30B0 to Memory:0x3100)
Sat Jan 20, 2024 17:12:24: Warning: A word access on odd address 0x1101
Sat Jan 20, 2024 17:12:24: Unable to execute: driver error.


 << Logging to file resumes >> 

Sat Jan 20, 2024 17:12:31: Download complete.
Sat Jan 20, 2024 17:12:31: Loaded debugee: C:\Users\yizha\coding\bgu\task1\Debug\Exe\task1_workspace.d43
Sat Jan 20, 2024 17:12:31: Target reset
Sat Jan 20, 2024 17:12:34: The stack pointer for stack 'Stack' (currently Memory:0x0) is outside the stack range (Memory:0x30B0 to Memory:0x3100)


 << Logging to file resumes >> 

Sat Jan 20, 2024 17:14:05: Download complete.
Sat Jan 20, 2024 17:14:05: Loaded debugee: C:\Users\yizha\coding\bgu\task1\Debug\Exe\task1_workspace.d43
Sat Jan 20, 2024 17:14:05: Target reset
Sat Jan 20, 2024 17:14:08: The stack pointer for stack 'Stack' (currently Memory:0x0) is outside the stack range (Memory:0x30B0 to Memory:0x3100)


 << Logging to file resumes >> 

Sat Jan 20, 2024 17:16:01: Download complete.
Sat Jan 20, 2024 17:16:01: Loaded debugee: C:\Users\yizha\coding\bgu\task1\Debug\Exe\task1_workspace.d43
Sat Jan 20, 2024 17:16:01: Target reset


 << Logging to file resumes >> 

Sat Jan 20, 2024 17:20:51: Download complete.
Sat Jan 20, 2024 17:20:51: Loaded debugee: C:\Users\yizha\coding\bgu\task1\Debug\Exe\task1_workspace.d43
Sat Jan 20, 2024 17:20:51: Target reset
Sat Jan 20, 2024 17:20:53: Breakpoint hit: Code @ pre_lab1.s43:52.1
Sat Jan 20, 2024 17:21:40: Breakpoint hit: Code @ pre_lab1.s43:52.1
Sat Jan 20, 2024 17:21:41: Breakpoint hit: Code @ pre_lab1.s43:52.1


 << Logging to file resumes >> 

Sat Jan 20, 2024 17:23:52: Download complete.
Sat Jan 20, 2024 17:23:52: Loaded debugee: C:\Users\yizha\coding\bgu\task1\Debug\Exe\task1_workspace.d43
Sat Jan 20, 2024 17:23:52: Target reset
Sat Jan 20, 2024 17:23:58: Breakpoint hit: Code @ pre_lab1.s43:52.1
Sat Jan 20, 2024 17:25:47: Breakpoint hit: Code @ pre_lab1.s43:52.1
Sat Jan 20, 2024 17:25:48: Breakpoint hit: Code @ pre_lab1.s43:52.1


 << Logging to file resumes >> 

Sat Jan 20, 2024 17:25:57: Download complete.
Sat Jan 20, 2024 17:25:57: Loaded debugee: C:\Users\yizha\coding\bgu\task1\Debug\Exe\task1_workspace.d43
Sat Jan 20, 2024 17:25:57: Target reset
Sat Jan 20, 2024 17:26:03: Breakpoint hit: Code @ pre_lab1.s43:54.1
Sat Jan 20, 2024 17:26:08: Breakpoint hit: Code @ pre_lab1.s43:54.1
Sat Jan 20, 2024 17:26:10: Breakpoint hit: Code @ pre_lab1.s43:54.1
Sat Jan 20, 2024 17:26:11: Breakpoint hit: Code @ pre_lab1.s43:54.1
Sat Jan 20, 2024 17:26:22: Target reset
Sat Jan 20, 2024 17:26:24: Breakpoint hit: Code @ pre_lab1.s43:54.1
Sat Jan 20, 2024 17:26:26: Target reset
Sat Jan 20, 2024 17:26:27: Breakpoint hit: Code @ pre_lab1.s43:54.1


 << Logging to file resumes >> 

Sun Jan 21, 2024 19:15:41: Download complete.
Sun Jan 21, 2024 19:15:41: Loaded debugee: C:\Users\yizha\coding\bgu\lab1\task1\Debug\Exe\task1_workspace.d43
Sun Jan 21, 2024 19:15:41: Target reset
Sun Jan 21, 2024 19:15:41: One or more breakpoints could not be set and have been disabled.
Sun Jan 21, 2024 19:15:44: There was 1 warning during the initialization of the debugging session.
Sun Jan 21, 2024 19:15:54: Breakpoint hit: Code @ task1.s43:55.14
